<?xml version="1.0" encoding="UTF-8"?>
<testsuite name="com.casaba.lab8.Lab8ApplicationTests" tests="1" skipped="0" failures="0" errors="0" timestamp="2025-12-03T05:28:05.502Z" hostname="LAPTOP-CJA9TKMT" time="0.751">
  <properties/>
  <testcase name="contextLoads()" classname="com.casaba.lab8.Lab8ApplicationTests" time="0.751"/>
  <system-out><![CDATA[13:28:02.709 [Test worker] INFO org.springframework.test.context.support.AnnotationConfigContextLoaderUtils -- Could not detect default configuration classes for test class [com.casaba.lab8.Lab8ApplicationTests]: Lab8ApplicationTests does not declare any static, non-private, non-final, nested classes annotated with @Configuration.
13:28:02.866 [Test worker] INFO org.springframework.boot.test.context.SpringBootTestContextBootstrapper -- Found @SpringBootConfiguration com.casaba.lab8.Lab8Application for test class com.casaba.lab8.Lab8ApplicationTests

  .   ____          _            __ _ _
 /\\ / ___'_ __ _ _(_)_ __  __ _ \ \ \ \
( ( )\___ | '_ | '_| | '_ \/ _` | \ \ \ \
 \\/  ___)| |_)| | | | | || (_| |  ) ) ) )
  '  |____| .__|_| |_|_| |_\__, | / / / /
 =========|_|==============|___/=/_/_/_/

 :: Spring Boot ::                (v3.5.8)

2025-12-03T13:28:03.425+08:00  INFO 24016 --- [lab8] [    Test worker] com.casaba.lab8.Lab8ApplicationTests     : Starting Lab8ApplicationTests using Java 21.0.9 with PID 24016 (started by ACER NITRO in C:\Users\ACER NITRO\Desktop\lab8\lab8)
2025-12-03T13:28:03.425+08:00  INFO 24016 --- [lab8] [    Test worker] com.casaba.lab8.Lab8ApplicationTests     : No active profile set, falling back to 1 default profile: "default"
2025-12-03T13:28:04.942+08:00  INFO 24016 --- [lab8] [    Test worker] efaultSchemaResourceGraphQlSourceBuilder : Loaded 1 resource(s) in the GraphQL schema.
2025-12-03T13:28:05.235+08:00  INFO 24016 --- [lab8] [    Test worker] o.s.b.a.g.GraphQlAutoConfiguration       : GraphQL schema inspection:
	Unmapped fields: {}
	Unmapped registrations: {}
	Unmapped arguments: {}
	Skipped types: []
2025-12-03T13:28:05.267+08:00  INFO 24016 --- [lab8] [    Test worker] s.b.a.g.s.GraphQlWebMvcAutoConfiguration : GraphQL endpoint HTTP POST /graphql
2025-12-03T13:28:05.474+08:00  INFO 24016 --- [lab8] [    Test worker] com.casaba.lab8.Lab8ApplicationTests     : Started Lab8ApplicationTests in 2.382 seconds (process running for 3.967)
]]></system-out>
  <system-err><![CDATA[Mockito is currently self-attaching to enable the inline-mock-maker. This will no longer work in future releases of the JDK. Please add Mockito as an agent to your build as described in Mockito's documentation: https://javadoc.io/doc/org.mockito/mockito-core/latest/org.mockito/org/mockito/Mockito.html#0.3
WARNING: A Java agent has been loaded dynamically (C:\Users\ACER NITRO\.gradle\caches\modules-2\files-2.1\net.bytebuddy\byte-buddy-agent\1.17.8\f09415827a71be7ed621c7bd02550678f28bc81c\byte-buddy-agent-1.17.8.jar)
WARNING: If a serviceability tool is in use, please run with -XX:+EnableDynamicAgentLoading to hide this warning
WARNING: If a serviceability tool is not in use, please run with -Djdk.instrument.traceUsage for more information
WARNING: Dynamic loading of agents will be disallowed by default in a future release
]]></system-err>
</testsuite>
